# JRE version: Java(TM) SE Runtime Environment (8.0_161-b12) (build 1.8.0_161-b12)
# Java VM: Java HotSpot(TM) 64-Bit Server VM (25.161-b12 mixed mode windows-amd64 compressed oops)
Heap:
 PSYoungGen      total 144896K, used 75542K [0x00000000eb200000, 0x00000000f6e00000, 0x0000000100000000)
  eden space 131584K, 49% used [0x00000000eb200000,0x00000000ef17abb0,0x00000000f3280000)
  from space 13312K, 79% used [0x00000000f3280000,0x00000000f3ccadd8,0x00000000f3f80000)
  to   space 13824K, 0% used [0x00000000f6080000,0x00000000f6080000,0x00000000f6e00000)
 ParOldGen       total 64000K, used 21560K [0x00000000c1600000, 0x00000000c5480000, 0x00000000eb200000)
  object space 64000K, 33% used [0x00000000c1600000,0x00000000c2b0e0d8,0x00000000c5480000)
 Metaspace       used 44309K, capacity 46180K, committed 46336K, reserved 1089536K
  class space    used 5951K, capacity 6322K, committed 6400K, reserved 1048576K
GC Heap History (10 events):
Event: 3.366 GC heap before
{Heap before GC invocations=9 (full 1):
 PSYoungGen      total 71680K, used 71665K [0x00000000eb200000, 0x00000000f2580000, 0x0000000100000000)
  eden space 65536K, 100% used [0x00000000eb200000,0x00000000ef200000,0x00000000ef200000)
  from space 6144K, 99% used [0x00000000ef200000,0x00000000ef7fc650,0x00000000ef800000)
  to   space 7680K, 0% used [0x00000000f1e00000,0x00000000f1e00000,0x00000000f2580000)
 ParOldGen       total 36864K, used 11006K [0x00000000c1600000, 0x00000000c3a00000, 0x00000000eb200000)
  object space 36864K, 29% used [0x00000000c1600000,0x00000000c20bf820,0x00000000c3a00000)
 Metaspace       used 26291K, capacity 27312K, committed 27392K, reserved 1073152K
  class space    used 3604K, capacity 3827K, committed 3840K, reserved 1048576K
Event: 3.384 GC heap after
Heap after GC invocations=9 (full 1):
 PSYoungGen      total 108032K, used 7671K [0x00000000eb200000, 0x00000000f2980000, 0x0000000100000000)
  eden space 100352K, 0% used [0x00000000eb200000,0x00000000eb200000,0x00000000f1400000)
  from space 7680K, 99% used [0x00000000f1e00000,0x00000000f257dc78,0x00000000f2580000)
  to   space 10240K, 0% used [0x00000000f1400000,0x00000000f1400000,0x00000000f1e00000)
 ParOldGen       total 36864K, used 14776K [0x00000000c1600000, 0x00000000c3a00000, 0x00000000eb200000)
  object space 36864K, 40% used [0x00000000c1600000,0x00000000c246e3c8,0x00000000c3a00000)
 Metaspace       used 26291K, capacity 27312K, committed 27392K, reserved 1073152K
  class space    used 3604K, capacity 3827K, committed 3840K, reserved 1048576K
}
Event: 4.427 GC heap before
{Heap before GC invocations=10 (full 1):
 PSYoungGen      total 108032K, used 108023K [0x00000000eb200000, 0x00000000f2980000, 0x0000000100000000)
  eden space 100352K, 100% used [0x00000000eb200000,0x00000000f1400000,0x00000000f1400000)
  from space 7680K, 99% used [0x00000000f1e00000,0x00000000f257dc78,0x00000000f2580000)
  to   space 10240K, 0% used [0x00000000f1400000,0x00000000f1400000,0x00000000f1e00000)
 ParOldGen       total 36864K, used 14776K [0x00000000c1600000, 0x00000000c3a00000, 0x00000000eb200000)
  object space 36864K, 40% used [0x00000000c1600000,0x00000000c246e3c8,0x00000000c3a00000)
 Metaspace       used 29852K, capacity 31270K, committed 31616K, reserved 1077248K
  class space    used 4061K, capacity 4360K, committed 4480K, reserved 1048576K
Event: 4.446 GC heap after
Heap after GC invocations=10 (full 1):
 PSYoungGen      total 110592K, used 10233K [0x00000000eb200000, 0x00000000f4c00000, 0x0000000100000000)
  eden space 100352K, 0% used [0x00000000eb200000,0x00000000eb200000,0x00000000f1400000)
  from space 10240K, 99% used [0x00000000f1400000,0x00000000f1dfe5e8,0x00000000f1e00000)
  to   space 12800K, 0% used [0x00000000f3f80000,0x00000000f3f80000,0x00000000f4c00000)
 ParOldGen       total 36864K, used 18453K [0x00000000c1600000, 0x00000000c3a00000, 0x00000000eb200000)
  object space 36864K, 50% used [0x00000000c1600000,0x00000000c2805520,0x00000000c3a00000)
 Metaspace       used 29852K, capacity 31270K, committed 31616K, reserved 1077248K
  class space    used 4061K, capacity 4360K, committed 4480K, reserved 1048576K
}
Event: 5.047 GC heap before
{Heap before GC invocations=11 (full 1):
 PSYoungGen      total 110592K, used 42940K [0x00000000eb200000, 0x00000000f4c00000, 0x0000000100000000)
  eden space 100352K, 32% used [0x00000000eb200000,0x00000000ed1f0cc0,0x00000000f1400000)
  from space 10240K, 99% used [0x00000000f1400000,0x00000000f1dfe5e8,0x00000000f1e00000)
  to   space 12800K, 0% used [0x00000000f3f80000,0x00000000f3f80000,0x00000000f4c00000)
 ParOldGen       total 36864K, used 18453K [0x00000000c1600000, 0x00000000c3a00000, 0x00000000eb200000)
  object space 36864K, 50% used [0x00000000c1600000,0x00000000c2805520,0x00000000c3a00000)
 Metaspace       used 34084K, capacity 35466K, committed 35496K, reserved 1079296K
  class space    used 4566K, capacity 4854K, committed 4864K, reserved 1048576K
Event: 5.071 GC heap after
Heap after GC invocations=11 (full 1):
 PSYoungGen      total 144384K, used 8477K [0x00000000eb200000, 0x00000000f4e80000, 0x0000000100000000)
  eden space 131584K, 0% used [0x00000000eb200000,0x00000000eb200000,0x00000000f3280000)
  from space 12800K, 66% used [0x00000000f3f80000,0x00000000f47c7590,0x00000000f4c00000)
  to   space 13312K, 0% used [0x00000000f3280000,0x00000000f3280000,0x00000000f3f80000)
 ParOldGen       total 36864K, used 24972K [0x00000000c1600000, 0x00000000c3a00000, 0x00000000eb200000)
  object space 36864K, 67% used [0x00000000c1600000,0x00000000c2e63058,0x00000000c3a00000)
 Metaspace       used 34084K, capacity 35466K, committed 35496K, reserved 1079296K
  class space    used 4566K, capacity 4854K, committed 4864K, reserved 1048576K
}
Event: 5.071 GC heap before
{Heap before GC invocations=12 (full 2):
 PSYoungGen      total 144384K, used 8477K [0x00000000eb200000, 0x00000000f4e80000, 0x0000000100000000)
  eden space 131584K, 0% used [0x00000000eb200000,0x00000000eb200000,0x00000000f3280000)
  from space 12800K, 66% used [0x00000000f3f80000,0x00000000f47c7590,0x00000000f4c00000)
  to   space 13312K, 0% used [0x00000000f3280000,0x00000000f3280000,0x00000000f3f80000)
 ParOldGen       total 36864K, used 24972K [0x00000000c1600000, 0x00000000c3a00000, 0x00000000eb200000)
  object space 36864K, 67% used [0x00000000c1600000,0x00000000c2e63058,0x00000000c3a00000)
 Metaspace       used 34084K, capacity 35466K, committed 35496K, reserved 1079296K
  class space    used 4566K, capacity 4854K, committed 4864K, reserved 1048576K
Event: 5.208 GC heap after
Heap after GC invocations=12 (full 2):
 PSYoungGen      total 144384K, used 0K [0x00000000eb200000, 0x00000000f4e80000, 0x0000000100000000)
  eden space 131584K, 0% used [0x00000000eb200000,0x00000000eb200000,0x00000000f3280000)
  from space 12800K, 0% used [0x00000000f3f80000,0x00000000f3f80000,0x00000000f4c00000)
  to   space 13312K, 0% used [0x00000000f3280000,0x00000000f3280000,0x00000000f3f80000)
 ParOldGen       total 64000K, used 21552K [0x00000000c1600000, 0x00000000c5480000, 0x00000000eb200000)
  object space 64000K, 33% used [0x00000000c1600000,0x00000000c2b0c0d8,0x00000000c5480000)
 Metaspace       used 34084K, capacity 35466K, committed 35496K, reserved 1079296K
  class space    used 4566K, capacity 4854K, committed 4864K, reserved 1048576K
}
Event: 6.741 GC heap before
{Heap before GC invocations=13 (full 2):
 PSYoungGen      total 144384K, used 131584K [0x00000000eb200000, 0x00000000f4e80000, 0x0000000100000000)
  eden space 131584K, 100% used [0x00000000eb200000,0x00000000f3280000,0x00000000f3280000)
  from space 12800K, 0% used [0x00000000f3f80000,0x00000000f3f80000,0x00000000f4c00000)
  to   space 13312K, 0% used [0x00000000f3280000,0x00000000f3280000,0x00000000f3f80000)
 ParOldGen       total 64000K, used 21552K [0x00000000c1600000, 0x00000000c5480000, 0x00000000eb200000)
  object space 64000K, 33% used [0x00000000c1600000,0x00000000c2b0c0d8,0x00000000c5480000)
 Metaspace       used 40237K, capacity 41920K, committed 42240K, reserved 1085440K
  class space    used 5442K, capacity 5762K, committed 5888K, reserved 1048576K
Event: 6.761 GC heap after
Heap after GC invocations=13 (full 2):
 PSYoungGen      total 144896K, used 10539K [0x00000000eb200000, 0x00000000f6e00000, 0x0000000100000000)
  eden space 131584K, 0% used [0x00000000eb200000,0x00000000eb200000,0x00000000f3280000)
  from space 13312K, 79% used [0x00000000f3280000,0x00000000f3ccadd8,0x00000000f3f80000)
  to   space 13824K, 0% used [0x00000000f6080000,0x00000000f6080000,0x00000000f6e00000)
 ParOldGen       total 64000K, used 21560K [0x00000000c1600000, 0x00000000c5480000, 0x00000000eb200000)
  object space 64000K, 33% used [0x00000000c1600000,0x00000000c2b0e0d8,0x00000000c5480000)
 Metaspace       used 40237K, capacity 41920K, committed 42240K, reserved 1085440K
  class space    used 5442K, capacity 5762K, committed 5888K, reserved 1048576K
}

