# JRE version: Java(TM) SE Runtime Environment (8.0_161-b12) (build 1.8.0_161-b12)
# Java VM: Java HotSpot(TM) 64-Bit Server VM (25.161-b12 mixed mode windows-amd64 compressed oops)
Heap:
 PSYoungGen      total 146432K, used 75528K [0x00000000eb200000, 0x00000000f6e00000, 0x0000000100000000)
  eden space 133120K, 48% used [0x00000000eb200000,0x00000000ef167860,0x00000000f3400000)
  from space 13312K, 79% used [0x00000000f3400000,0x00000000f3e5ab98,0x00000000f4100000)
  to   space 13824K, 0% used [0x00000000f6080000,0x00000000f6080000,0x00000000f6e00000)
 ParOldGen       total 64512K, used 21543K [0x00000000c1600000, 0x00000000c5500000, 0x00000000eb200000)
  object space 64512K, 33% used [0x00000000c1600000,0x00000000c2b09c30,0x00000000c5500000)
 Metaspace       used 44192K, capacity 46016K, committed 46336K, reserved 1089536K
  class space    used 5936K, capacity 6290K, committed 6400K, reserved 1048576K
GC Heap History (10 events):
Event: 3.211 GC heap before
{Heap before GC invocations=9 (full 1):
 PSYoungGen      total 72192K, used 72174K [0x00000000eb200000, 0x00000000f2600000, 0x0000000100000000)
  eden space 65536K, 100% used [0x00000000eb200000,0x00000000ef200000,0x00000000ef200000)
  from space 6656K, 99% used [0x00000000ef200000,0x00000000ef87b9a8,0x00000000ef880000)
  to   space 7680K, 0% used [0x00000000f1e80000,0x00000000f1e80000,0x00000000f2600000)
 ParOldGen       total 36864K, used 10412K [0x00000000c1600000, 0x00000000c3a00000, 0x00000000eb200000)
  object space 36864K, 28% used [0x00000000c1600000,0x00000000c202b2f0,0x00000000c3a00000)
 Metaspace       used 26222K, capacity 27244K, committed 27392K, reserved 1073152K
  class space    used 3594K, capacity 3827K, committed 3840K, reserved 1048576K
Event: 3.225 GC heap after
Heap after GC invocations=9 (full 1):
 PSYoungGen      total 108544K, used 7662K [0x00000000eb200000, 0x00000000f2980000, 0x0000000100000000)
  eden space 100864K, 0% used [0x00000000eb200000,0x00000000eb200000,0x00000000f1480000)
  from space 7680K, 99% used [0x00000000f1e80000,0x00000000f25fba78,0x00000000f2600000)
  to   space 10240K, 0% used [0x00000000f1480000,0x00000000f1480000,0x00000000f1e80000)
 ParOldGen       total 36864K, used 14243K [0x00000000c1600000, 0x00000000c3a00000, 0x00000000eb200000)
  object space 36864K, 38% used [0x00000000c1600000,0x00000000c23e8ec8,0x00000000c3a00000)
 Metaspace       used 26222K, capacity 27244K, committed 27392K, reserved 1073152K
  class space    used 3594K, capacity 3827K, committed 3840K, reserved 1048576K
}
Event: 4.202 GC heap before
{Heap before GC invocations=10 (full 1):
 PSYoungGen      total 108544K, used 108526K [0x00000000eb200000, 0x00000000f2980000, 0x0000000100000000)
  eden space 100864K, 100% used [0x00000000eb200000,0x00000000f1480000,0x00000000f1480000)
  from space 7680K, 99% used [0x00000000f1e80000,0x00000000f25fba78,0x00000000f2600000)
  to   space 10240K, 0% used [0x00000000f1480000,0x00000000f1480000,0x00000000f1e80000)
 ParOldGen       total 36864K, used 14243K [0x00000000c1600000, 0x00000000c3a00000, 0x00000000eb200000)
  object space 36864K, 38% used [0x00000000c1600000,0x00000000c23e8ec8,0x00000000c3a00000)
 Metaspace       used 29823K, capacity 31264K, committed 31616K, reserved 1077248K
  class space    used 4059K, capacity 4359K, committed 4480K, reserved 1048576K
Event: 4.220 GC heap after
Heap after GC invocations=10 (full 1):
 PSYoungGen      total 111104K, used 10217K [0x00000000eb200000, 0x00000000f4e00000, 0x0000000100000000)
  eden space 100864K, 0% used [0x00000000eb200000,0x00000000eb200000,0x00000000f1480000)
  from space 10240K, 99% used [0x00000000f1480000,0x00000000f1e7a5b8,0x00000000f1e80000)
  to   space 13312K, 0% used [0x00000000f4100000,0x00000000f4100000,0x00000000f4e00000)
 ParOldGen       total 36864K, used 17982K [0x00000000c1600000, 0x00000000c3a00000, 0x00000000eb200000)
  object space 36864K, 48% used [0x00000000c1600000,0x00000000c278fa50,0x00000000c3a00000)
 Metaspace       used 29823K, capacity 31264K, committed 31616K, reserved 1077248K
  class space    used 4059K, capacity 4359K, committed 4480K, reserved 1048576K
}
Event: 4.791 GC heap before
{Heap before GC invocations=11 (full 1):
 PSYoungGen      total 111104K, used 42577K [0x00000000eb200000, 0x00000000f4e00000, 0x0000000100000000)
  eden space 100864K, 32% used [0x00000000eb200000,0x00000000ed19a048,0x00000000f1480000)
  from space 10240K, 99% used [0x00000000f1480000,0x00000000f1e7a5b8,0x00000000f1e80000)
  to   space 13312K, 0% used [0x00000000f4100000,0x00000000f4100000,0x00000000f4e00000)
 ParOldGen       total 36864K, used 17982K [0x00000000c1600000, 0x00000000c3a00000, 0x00000000eb200000)
  object space 36864K, 48% used [0x00000000c1600000,0x00000000c278fa50,0x00000000c3a00000)
 Metaspace       used 34063K, capacity 35462K, committed 35496K, reserved 1079296K
  class space    used 4565K, capacity 4854K, committed 4864K, reserved 1048576K
Event: 4.810 GC heap after
Heap after GC invocations=11 (full 1):
 PSYoungGen      total 146432K, used 8508K [0x00000000eb200000, 0x00000000f4f00000, 0x0000000100000000)
  eden space 133120K, 0% used [0x00000000eb200000,0x00000000eb200000,0x00000000f3400000)
  from space 13312K, 63% used [0x00000000f4100000,0x00000000f494f040,0x00000000f4e00000)
  to   space 13312K, 0% used [0x00000000f3400000,0x00000000f3400000,0x00000000f4100000)
 ParOldGen       total 36864K, used 24430K [0x00000000c1600000, 0x00000000c3a00000, 0x00000000eb200000)
  object space 36864K, 66% used [0x00000000c1600000,0x00000000c2ddb8c8,0x00000000c3a00000)
 Metaspace       used 34063K, capacity 35462K, committed 35496K, reserved 1079296K
  class space    used 4565K, capacity 4854K, committed 4864K, reserved 1048576K
}
Event: 4.810 GC heap before
{Heap before GC invocations=12 (full 2):
 PSYoungGen      total 146432K, used 8508K [0x00000000eb200000, 0x00000000f4f00000, 0x0000000100000000)
  eden space 133120K, 0% used [0x00000000eb200000,0x00000000eb200000,0x00000000f3400000)
  from space 13312K, 63% used [0x00000000f4100000,0x00000000f494f040,0x00000000f4e00000)
  to   space 13312K, 0% used [0x00000000f3400000,0x00000000f3400000,0x00000000f4100000)
 ParOldGen       total 36864K, used 24430K [0x00000000c1600000, 0x00000000c3a00000, 0x00000000eb200000)
  object space 36864K, 66% used [0x00000000c1600000,0x00000000c2ddb8c8,0x00000000c3a00000)
 Metaspace       used 34063K, capacity 35462K, committed 35496K, reserved 1079296K
  class space    used 4565K, capacity 4854K, committed 4864K, reserved 1048576K
Event: 4.943 GC heap after
Heap after GC invocations=12 (full 2):
 PSYoungGen      total 146432K, used 0K [0x00000000eb200000, 0x00000000f4f00000, 0x0000000100000000)
  eden space 133120K, 0% used [0x00000000eb200000,0x00000000eb200000,0x00000000f3400000)
  from space 13312K, 0% used [0x00000000f4100000,0x00000000f4100000,0x00000000f4e00000)
  to   space 13312K, 0% used [0x00000000f3400000,0x00000000f3400000,0x00000000f4100000)
 ParOldGen       total 64512K, used 21535K [0x00000000c1600000, 0x00000000c5500000, 0x00000000eb200000)
  object space 64512K, 33% used [0x00000000c1600000,0x00000000c2b07c30,0x00000000c5500000)
 Metaspace       used 34063K, capacity 35462K, committed 35496K, reserved 1079296K
  class space    used 4565K, capacity 4854K, committed 4864K, reserved 1048576K
}
Event: 6.503 GC heap before
{Heap before GC invocations=13 (full 2):
 PSYoungGen      total 146432K, used 133120K [0x00000000eb200000, 0x00000000f4f00000, 0x0000000100000000)
  eden space 133120K, 100% used [0x00000000eb200000,0x00000000f3400000,0x00000000f3400000)
  from space 13312K, 0% used [0x00000000f4100000,0x00000000f4100000,0x00000000f4e00000)
  to   space 13312K, 0% used [0x00000000f3400000,0x00000000f3400000,0x00000000f4100000)
 ParOldGen       total 64512K, used 21535K [0x00000000c1600000, 0x00000000c5500000, 0x00000000eb200000)
  object space 64512K, 33% used [0x00000000c1600000,0x00000000c2b07c30,0x00000000c5500000)
 Metaspace       used 40212K, capacity 41904K, committed 42112K, reserved 1085440K
  class space    used 5439K, capacity 5759K, committed 5760K, reserved 1048576K
Event: 6.518 GC heap after
Heap after GC invocations=13 (full 2):
 PSYoungGen      total 146432K, used 10602K [0x00000000eb200000, 0x00000000f6e00000, 0x0000000100000000)
  eden space 133120K, 0% used [0x00000000eb200000,0x00000000eb200000,0x00000000f3400000)
  from space 13312K, 79% used [0x00000000f3400000,0x00000000f3e5ab98,0x00000000f4100000)
  to   space 13824K, 0% used [0x00000000f6080000,0x00000000f6080000,0x00000000f6e00000)
 ParOldGen       total 64512K, used 21543K [0x00000000c1600000, 0x00000000c5500000, 0x00000000eb200000)
  object space 64512K, 33% used [0x00000000c1600000,0x00000000c2b09c30,0x00000000c5500000)
 Metaspace       used 40212K, capacity 41904K, committed 42112K, reserved 1085440K
  class space    used 5439K, capacity 5759K, committed 5760K, reserved 1048576K
}

